nohup: ignoring input
[I 2025-12-11 00:09:46.978 ServerApp] jupyter_lsp | extension was successfully linked.
[I 2025-12-11 00:09:46.984 ServerApp] jupyter_server_terminals | extension was successfully linked.
[I 2025-12-11 00:09:46.990 ServerApp] jupyterlab | extension was successfully linked.
[W 2025-12-11 00:09:46.993 JupyterNotebookApp] 'password' has moved from NotebookApp to ServerApp. This config will be passed to ServerApp. Be sure to update your config before our next release.
[W 2025-12-11 00:09:46.993 JupyterNotebookApp] 'ip' has moved from NotebookApp to ServerApp. This config will be passed to ServerApp. Be sure to update your config before our next release.
[W 2025-12-11 00:09:46.993 JupyterNotebookApp] 'ip' has moved from NotebookApp to ServerApp. This config will be passed to ServerApp. Be sure to update your config before our next release.
[W 2025-12-11 00:09:46.993 JupyterNotebookApp] 'port' has moved from NotebookApp to ServerApp. This config will be passed to ServerApp. Be sure to update your config before our next release.
[W 2025-12-11 00:09:46.997 ServerApp] ServerApp.password config is deprecated in 2.0. Use PasswordIdentityProvider.hashed_password.
[I 2025-12-11 00:09:46.997 ServerApp] notebook | extension was successfully linked.
[I 2025-12-11 00:09:47.292 ServerApp] notebook_shim | extension was successfully linked.
[I 2025-12-11 00:09:47.312 ServerApp] notebook_shim | extension was successfully loaded.
[I 2025-12-11 00:09:47.315 ServerApp] jupyter_lsp | extension was successfully loaded.
[I 2025-12-11 00:09:47.316 ServerApp] jupyter_server_terminals | extension was successfully loaded.
[I 2025-12-11 00:09:47.319 LabApp] JupyterLab extension loaded from /home/nid/miniconda3/lib/python3.13/site-packages/jupyterlab
[I 2025-12-11 00:09:47.319 LabApp] JupyterLab application directory is /home/nid/miniconda3/share/jupyter/lab
[I 2025-12-11 00:09:47.320 LabApp] Extension Manager is 'pypi'.
[I 2025-12-11 00:09:47.387 ServerApp] jupyterlab | extension was successfully loaded.
[I 2025-12-11 00:09:47.391 ServerApp] notebook | extension was successfully loaded.
[I 2025-12-11 00:09:47.391 ServerApp] The port 8888 is already in use, trying another port.
[I 2025-12-11 00:09:47.392 ServerApp] Serving notebooks from local directory: /home/nid/Documents/divyesh-test/corsa-septum
[I 2025-12-11 00:09:47.392 ServerApp] Jupyter Server 2.17.0 is running at:
[I 2025-12-11 00:09:47.392 ServerApp] http://ubuntu-server:8889/tree
[I 2025-12-11 00:09:47.392 ServerApp]     http://127.0.0.1:8889/tree
[I 2025-12-11 00:09:47.392 ServerApp] Use Control-C to stop this server and shut down all kernels (twice to skip confirmation).
[I 2025-12-11 00:09:48.069 ServerApp] Skipped non-installed server(s): basedpyright, bash-language-server, dockerfile-language-server-nodejs, javascript-typescript-langserver, jedi-language-server, julia-language-server, pyrefly, pyright, python-language-server, python-lsp-server, r-languageserver, sql-language-server, texlab, typescript-language-server, unified-language-server, vscode-css-languageserver-bin, vscode-html-languageserver-bin, vscode-json-languageserver-bin, yaml-language-server
